<?xml version="1.0" encoding="UTF-8"?>
<testsuite name="ShuffleTest" tests="1" skipped="0" failures="0" errors="0" timestamp="2017-01-23T07:28:46" hostname="drews-MBP" time="0.001">
  <properties/>
  <testcase name="basic" classname="ShuffleTest" time="0.001"/>
  <system-out><![CDATA[]]></system-out>
  <system-err><![CDATA[]]></system-err>
</testsuite>
